[2013-08-12 14:49:46] phpDocumentor.INFO: Collecting files ..  [] []
[2013-08-12 14:49:46] phpDocumentor.INFO: OK [] []
[2013-08-12 14:49:46] phpDocumentor.INFO: Initializing parser ..  [] []
[2013-08-12 14:49:46] phpDocumentor.INFO: OK [] []
[2013-08-12 14:49:46] phpDocumentor.INFO: Parsing files [] []
[2013-08-12 14:49:46] phpDocumentor.INFO: Parsing /home/j/workspace/test/fuel/app/bootstrap.php [] []
[2013-08-12 14:49:46] phpDocumentor.INFO: Parsing /home/j/workspace/test/fuel/app/logs/2013/08/08.php [] []
[2013-08-12 14:49:46] phpDocumentor.INFO: Parsing /home/j/workspace/test/fuel/app/logs/2013/08/05.php [] []
[2013-08-12 14:49:46] phpDocumentor.INFO: Parsing /home/j/workspace/test/fuel/app/logs/2013/08/12.php [] []
[2013-08-12 14:49:46] phpDocumentor.INFO: Parsing /home/j/workspace/test/fuel/app/logs/2013/08/09.php [] []
[2013-08-12 14:49:46] phpDocumentor.INFO: Parsing /home/j/workspace/test/fuel/app/logs/2013/08/06.php [] []
[2013-08-12 14:49:46] phpDocumentor.INFO: Parsing /home/j/workspace/test/fuel/app/logs/2013/08/07.php [] []
[2013-08-12 14:49:46] phpDocumentor.INFO: Parsing /home/j/workspace/test/fuel/app/tasks/robots.php [] []
[2013-08-12 14:49:46] phpDocumentor.INFO: Parsing /home/j/workspace/test/fuel/app/migrations/001_create_messages.php [] []
[2013-08-12 14:49:46] phpDocumentor.INFO:   No summary for class \Fuel\Migrations\Create_messages [] []
[2013-08-12 14:49:46] phpDocumentor.INFO:   No summary for method up() [] []
[2013-08-12 14:49:46] phpDocumentor.INFO:   No summary for method down() [] []
[2013-08-12 14:49:46] phpDocumentor.INFO: Parsing /home/j/workspace/test/fuel/app/migrations/003_create_logins.php [] []
[2013-08-12 14:49:46] phpDocumentor.INFO:   No summary for class \Fuel\Migrations\Create_logins [] []
[2013-08-12 14:49:46] phpDocumentor.INFO:   No summary for method up() [] []
[2013-08-12 14:49:46] phpDocumentor.INFO:   No summary for method down() [] []
[2013-08-12 14:49:46] phpDocumentor.INFO: Parsing /home/j/workspace/test/fuel/app/migrations/002_create_users.php [] []
[2013-08-12 14:49:46] phpDocumentor.INFO:   No summary for class \Fuel\Migrations\Create_users [] []
[2013-08-12 14:49:46] phpDocumentor.INFO:   No summary for method up() [] []
[2013-08-12 14:49:46] phpDocumentor.INFO:   No summary for method down() [] []
[2013-08-12 14:49:46] phpDocumentor.INFO: Parsing /home/j/workspace/test/fuel/app/classes/view/welcome/404.php [] []
[2013-08-12 14:49:46] phpDocumentor.INFO: Parsing /home/j/workspace/test/fuel/app/classes/view/welcome/hello.php [] []
[2013-08-12 14:49:46] phpDocumentor.INFO: Parsing /home/j/workspace/test/fuel/app/classes/model/message.php [] []
[2013-08-12 14:49:46] phpDocumentor.INFO: Parsing /home/j/workspace/test/fuel/app/classes/model/user.php [] []
[2013-08-12 14:49:46] phpDocumentor.INFO: Parsing /home/j/workspace/test/fuel/app/classes/controller/welcome.php [] []
[2013-08-12 14:49:46] phpDocumentor.INFO: Parsing /home/j/workspace/test/fuel/app/classes/controller/message.php [] []
[2013-08-12 14:49:46] phpDocumentor.INFO: Parsing /home/j/workspace/test/fuel/app/classes/controller/main.php [] []
[2013-08-12 14:49:46] phpDocumentor.INFO: Parsing /home/j/workspace/test/fuel/app/classes/controller/admin.php [] []
[2013-08-12 14:49:46] phpDocumentor.INFO: Parsing /home/j/workspace/test/fuel/app/views/template_bak.php [] []
[2013-08-12 14:49:46] phpDocumentor.INFO: Parsing /home/j/workspace/test/fuel/app/views/main/index.php [] []
[2013-08-12 14:49:46] phpDocumentor.INFO: Parsing /home/j/workspace/test/fuel/app/views/main/_form_create_user.php [] []
[2013-08-12 14:49:46] phpDocumentor.INFO: Parsing /home/j/workspace/test/fuel/app/views/main/go.php [] []
[2013-08-12 14:49:46] phpDocumentor.INFO: Parsing /home/j/workspace/test/fuel/app/views/main/create_user.php [] []
[2013-08-12 14:49:46] phpDocumentor.INFO: Parsing /home/j/workspace/test/fuel/app/views/main/login.php [] []
[2013-08-12 14:49:46] phpDocumentor.INFO: Parsing /home/j/workspace/test/fuel/app/views/main/_form_login.php [] []
[2013-08-12 14:49:46] phpDocumentor.INFO: Parsing /home/j/workspace/test/fuel/app/views/message/_form.php [] []
[2013-08-12 14:49:46] phpDocumentor.INFO: Parsing /home/j/workspace/test/fuel/app/views/message/create.php [] []
[2013-08-12 14:49:46] phpDocumentor.INFO: Parsing /home/j/workspace/test/fuel/app/views/message/index.php [] []
[2013-08-12 14:49:46] phpDocumentor.INFO: Parsing /home/j/workspace/test/fuel/app/views/message/edit.php [] []
[2013-08-12 14:49:46] phpDocumentor.INFO: Parsing /home/j/workspace/test/fuel/app/views/message/view.php [] []
[2013-08-12 14:49:46] phpDocumentor.INFO: Parsing /home/j/workspace/test/fuel/app/views/admin/index.php [] []
[2013-08-12 14:49:46] phpDocumentor.INFO: Parsing /home/j/workspace/test/fuel/app/views/admin/_form_edit_message.php [] []
[2013-08-12 14:49:46] phpDocumentor.INFO: Parsing /home/j/workspace/test/fuel/app/views/admin/edit_message.php [] []
[2013-08-12 14:49:46] phpDocumentor.INFO: Parsing /home/j/workspace/test/fuel/app/views/admin/view_message.php [] []
[2013-08-12 14:49:46] phpDocumentor.INFO: Parsing /home/j/workspace/test/fuel/app/views/admin/_form_create_user.php [] []
[2013-08-12 14:49:46] phpDocumentor.INFO: Parsing /home/j/workspace/test/fuel/app/views/admin/create_user.php [] []
[2013-08-12 14:49:46] phpDocumentor.INFO: Parsing /home/j/workspace/test/fuel/app/views/admin/create_message.php [] []
[2013-08-12 14:49:46] phpDocumentor.INFO: Parsing /home/j/workspace/test/fuel/app/views/admin/_form_create_message.php [] []
[2013-08-12 14:49:46] phpDocumentor.INFO: Parsing /home/j/workspace/test/fuel/app/views/welcome/404.php [] []
[2013-08-12 14:49:46] phpDocumentor.INFO: Parsing /home/j/workspace/test/fuel/app/views/welcome/index.php [] []
[2013-08-12 14:49:46] phpDocumentor.INFO: Parsing /home/j/workspace/test/fuel/app/views/welcome/hello.php [] []
[2013-08-12 14:49:46] phpDocumentor.INFO: Parsing /home/j/workspace/test/fuel/app/views/template.php [] []
[2013-08-12 14:49:46] phpDocumentor.INFO: Parsing /home/j/workspace/test/fuel/app/config/routes.php [] []
[2013-08-12 14:49:46] phpDocumentor.INFO: Parsing /home/j/workspace/test/fuel/app/config/test/db.php [] []
[2013-08-12 14:49:46] phpDocumentor.INFO: Parsing /home/j/workspace/test/fuel/app/config/staging/db.php [] []
[2013-08-12 14:49:46] phpDocumentor.INFO: Parsing /home/j/workspace/test/fuel/app/config/development/migrations.php [] []
[2013-08-12 14:49:46] phpDocumentor.INFO: Parsing /home/j/workspace/test/fuel/app/config/development/db.php [] []
[2013-08-12 14:49:46] phpDocumentor.INFO: Parsing /home/j/workspace/test/fuel/app/config/production/db.php [] []
[2013-08-12 14:49:46] phpDocumentor.INFO: Parsing /home/j/workspace/test/fuel/app/config/db.php [] []
[2013-08-12 14:49:46] phpDocumentor.INFO: Parsing /home/j/workspace/test/fuel/app/config/config.php [] []
[2013-08-12 14:49:46] phpDocumentor.INFO: Parsing /home/j/workspace/test/fuel/app/config/crypt.php [] []
[2013-08-12 14:49:46] phpDocumentor.INFO: Storing cache in "/home/j/workspace/test/public/phpdoc" ..  [] []
[2013-08-12 14:49:46] phpDocumentor.INFO: OK [] []
[2013-08-12 14:49:46] phpDocumentor.INFO: Load cache                                                           ..  [] []
[2013-08-12 14:49:46] phpDocumentor.INFO:    0.001s [] []
[2013-08-12 14:49:46] phpDocumentor.INFO: Preparing template "clean"                                           ..  [] []
[2013-08-12 14:49:46] phpDocumentor.INFO:    0.010s [] []
[2013-08-12 14:49:46] phpDocumentor.INFO: Preparing 15 transformations                                         ..  [] []
[2013-08-12 14:49:46] phpDocumentor.INFO:    0.000s [] []
[2013-08-12 14:49:46] phpDocumentor.INFO: Build "elements" index                                               ..  [] []
[2013-08-12 14:49:46] phpDocumentor.INFO:    0.001s [] []
[2013-08-12 14:49:46] phpDocumentor.INFO: Replace textual FQCNs with object aliases                            ..  [] []
[2013-08-12 14:49:46] phpDocumentor.INFO:    0.003s [] []
[2013-08-12 14:49:46] phpDocumentor.INFO: Build "packages" index                                               ..  [] []
[2013-08-12 14:49:46] phpDocumentor.INFO:    0.001s [] []
[2013-08-12 14:49:46] phpDocumentor.INFO: Build "namespaces" index and add namespaces to "elements"            ..  [] []
[2013-08-12 14:49:46] phpDocumentor.INFO:    0.000s [] []
[2013-08-12 14:49:46] phpDocumentor.INFO: Transform analyzed project into artifacts                            ..  [] []
[2013-08-12 14:49:47] phpDocumentor.INFO:    0.377s [] []
[2013-08-12 14:49:47] phpDocumentor.INFO: Analyze results and write report to log                              ..  [] []
[2013-08-12 14:49:47] phpDocumentor.DEBUG: In the ProjectDescriptor are:
        52 files
         1 top-level namespaces
        12 unresolvable parent classes
        12 phpDocumentor\Descriptor\ClassDescriptor elements
        32 phpDocumentor\Descriptor\MethodDescriptor elements
        10 phpDocumentor\Descriptor\PropertyDescriptor elements
         4 phpDocumentor\Descriptor\NamespaceDescriptor elements
 [] []
[2013-08-12 14:49:47] phpDocumentor.INFO:    0.000s [] []
